<?xml version="1.0" encoding="UTF-8"?>
<!-- Generated by org.testng.reporters.JUnitXMLReporter -->
<testsuite hostname="DESKTOP-6AAMTQ7" ignored="0" name="Test" tests="4" failures="0" timestamp="2022-01-18T23:59:00 IST" time="0.09" errors="0">
  <testcase name="BrowserAutomation" time="0.007" classname="rahulshettyacademy.SeleniumTest"/>
  <testcase name="elementUI" time="0.001" classname="rahulshettyacademy.SeleniumTest"/>
  <testcase name="deleteTwitter" time="0.0" classname="rahulshettyacademy.RESTAPITest"/>
  <testcase name="postJira" time="0.013" classname="rahulshettyacademy.RESTAPITest"/>
</testsuite> <!-- Test -->
