<?xml version="1.0" encoding="UTF-8"?>
<testng-results skipped="0" failed="0" ignored="0" total="4" passed="4">
  <reporter-output>
  </reporter-output>
  <suite name="Suite" duration-ms="90" started-at="2022-01-18T23:59:00 IST" finished-at="2022-01-18T23:59:00 IST">
    <groups>
    </groups>
    <test name="Test" duration-ms="90" started-at="2022-01-18T23:59:00 IST" finished-at="2022-01-18T23:59:00 IST">
      <class name="rahulshettyacademy.RESTAPITest">
        <test-method status="PASS" signature="deleteTwitter()[pri:0, instance:rahulshettyacademy.RESTAPITest@42f93a98]" name="deleteTwitter" duration-ms="0" started-at="2022-01-18T23:59:00 IST" finished-at="2022-01-18T23:59:00 IST">
          <reporter-output>
          </reporter-output>
        </test-method> <!-- deleteTwitter -->
        <test-method status="PASS" signature="postJira()[pri:0, instance:rahulshettyacademy.RESTAPITest@42f93a98]" name="postJira" duration-ms="13" started-at="2022-01-18T23:59:00 IST" finished-at="2022-01-18T23:59:00 IST">
          <reporter-output>
          </reporter-output>
        </test-method> <!-- postJira -->
      </class> <!-- rahulshettyacademy.RESTAPITest -->
      <class name="rahulshettyacademy.SeleniumTest">
        <test-method status="PASS" signature="BrowserAutomation()[pri:0, instance:rahulshettyacademy.SeleniumTest@3cb1ffe6]" name="BrowserAutomation" duration-ms="7" started-at="2022-01-18T23:59:00 IST" finished-at="2022-01-18T23:59:00 IST">
          <reporter-output>
          </reporter-output>
        </test-method> <!-- BrowserAutomation -->
        <test-method status="PASS" signature="elementUI()[pri:0, instance:rahulshettyacademy.SeleniumTest@3cb1ffe6]" name="elementUI" duration-ms="1" started-at="2022-01-18T23:59:00 IST" finished-at="2022-01-18T23:59:00 IST">
          <reporter-output>
          </reporter-output>
        </test-method> <!-- elementUI -->
      </class> <!-- rahulshettyacademy.SeleniumTest -->
    </test> <!-- Test -->
  </suite> <!-- Suite -->
</testng-results>
